TN:
SF:D:\M2\efrei-5a-node-dijkstra\dijkstra.js
FN:2,(anonymous_0)
FN:15,(anonymous_1)
FN:32,(anonymous_2)
FN:33,(anonymous_3)
FN:44,(anonymous_4)
FN:55,(anonymous_5)
FN:82,(anonymous_6)
FN:90,(anonymous_7)
FN:106,(anonymous_8)
FNF:9
FNH:9
FNDA:106,(anonymous_0)
FNDA:41,(anonymous_1)
FNDA:106,(anonymous_2)
FNDA:172,(anonymous_3)
FNDA:53,(anonymous_4)
FNDA:14,(anonymous_5)
FNDA:2,(anonymous_6)
FNDA:21,(anonymous_7)
FNDA:2,(anonymous_8)
DA:4,106
DA:6,106
DA:17,41
DA:19,41
DA:21,41
DA:23,41
DA:25,41
DA:33,172
DA:34,106
DA:35,0
DA:37,106
DA:45,53
DA:46,53
DA:56,14
DA:57,14
DA:58,14
DA:59,53
DA:60,28
DA:61,28
DA:62,17
DA:63,12
DA:65,17
DA:66,17
DA:70,14
DA:83,2
DA:84,2
DA:85,2
DA:86,2
DA:87,1
DA:89,1
DA:90,21
DA:91,9
DA:92,9
DA:93,9
DA:94,9
DA:96,1
DA:107,2
DA:108,2
DA:109,6
DA:111,2
DA:112,2
DA:130,1
LF:42
LH:41
BRDA:15,0,0,41
BRDA:34,1,0,0
BRDA:34,1,1,106
BRDA:59,2,0,28
BRDA:59,2,1,25
BRDA:61,3,0,17
BRDA:61,3,1,11
BRDA:62,4,0,12
BRDA:62,4,1,5
BRDA:70,5,0,5
BRDA:70,5,1,9
BRDA:86,6,0,1
BRDA:86,6,1,1
BRDA:90,7,0,10
BRDA:90,7,1,9
BRDA:93,8,0,3
BRDA:93,8,1,6
BRF:17
BRH:16
end_of_record
